<?xml version="1.0" encoding="UTF-8"?>
<!-- Generated by org.testng.reporters.JUnitXMLReporter -->
<testsuite ignored="0" hostname="LPT1289-B1" failures="1" tests="5" name="Basic Flows" time="327.622" errors="0" timestamp="2023-02-19T02:22:46 IST">
  <testcase classname="Tests.Smoke" name="addfunds" time="59.207"/>
  <testcase classname="Tests.Smoke" name="deposit" time="43.884"/>
  <testcase classname="Tests.Smoke" name="loginLogout" time="26.047"/>
  <testcase classname="Tests.Smoke" name="resetPin" time="71.563">
    <failure type="org.openqa.selenium.NoSuchElementException" message="An element could not be located on the page using the given search parameters.
For documentation on this error, please visit: https://selenium.dev/exceptions/#no_such_element
Build info: version: &amp;apos;4.8.1&amp;apos;, revision: &amp;apos;8ebccac989&amp;apos;
System info: os.name: &amp;apos;Windows 11&amp;apos;, os.arch: &amp;apos;amd64&amp;apos;, os.version: &amp;apos;10.0&amp;apos;, java.version: &amp;apos;11.0.17&amp;apos;
Driver info: io.appium.java_client.android.AndroidDriver
Command: [76ebe9c1-851f-4bac-802f-365877f4edff, findElement {using=xpath, value=//android.view.View[@content-desc=&amp;quot;Do you want to enable Touch ID or Face ID?&amp;quot;]}]
Capabilities {appium:appActivity: uk.co.joinshoal.MainActivity, appium:appPackage: uk.co.joinshoal.qa, appium:databaseEnabled: false, appium:desired: {appActivity: uk.co.joinshoal.MainActivity, appPackage: uk.co.joinshoal.qa, deviceName: RZCT902Y9JR, noReset: true, platformName: android, platformVersion: 12.0, udid: RZCT902Y9JR}, appium:deviceApiLevel: 33, appium:deviceManufacturer: samsung, appium:deviceModel: SM-E236B, appium:deviceName: RZCT902Y9JR, appium:deviceScreenDensity: 450, appium:deviceScreenSize: 1080x2408, appium:deviceUDID: RZCT902Y9JR, appium:javascriptEnabled: true, appium:locationContextEnabled: false, appium:networkConnectionEnabled: true, appium:noReset: true, appium:pixelRatio: 2.8125, appium:platformVersion: 13, appium:statBarHeight: 70, appium:takesScreenshot: true, appium:udid: RZCT902Y9JR, appium:viewportRect: {height: 2133, left: 0, top: 70, width: 1080}, appium:warnings: {}, appium:webStorageEnabled: false, platformName: ANDROID}
Session ID: 76ebe9c1-851f-4bac-802f-365877f4edff">
      <![CDATA[org.openqa.selenium.NoSuchElementException: An element could not be located on the page using the given search parameters.
For documentation on this error, please visit: https://selenium.dev/exceptions/#no_such_element
Build info: version: '4.8.1', revision: '8ebccac989'
System info: os.name: 'Windows 11', os.arch: 'amd64', os.version: '10.0', java.version: '11.0.17'
Driver info: io.appium.java_client.android.AndroidDriver
Command: [76ebe9c1-851f-4bac-802f-365877f4edff, findElement {using=xpath, value=//android.view.View[@content-desc="Do you want to enable Touch ID or Face ID?"]}]
Capabilities {appium:appActivity: uk.co.joinshoal.MainActivity, appium:appPackage: uk.co.joinshoal.qa, appium:databaseEnabled: false, appium:desired: {appActivity: uk.co.joinshoal.MainActivity, appPackage: uk.co.joinshoal.qa, deviceName: RZCT902Y9JR, noReset: true, platformName: android, platformVersion: 12.0, udid: RZCT902Y9JR}, appium:deviceApiLevel: 33, appium:deviceManufacturer: samsung, appium:deviceModel: SM-E236B, appium:deviceName: RZCT902Y9JR, appium:deviceScreenDensity: 450, appium:deviceScreenSize: 1080x2408, appium:deviceUDID: RZCT902Y9JR, appium:javascriptEnabled: true, appium:locationContextEnabled: false, appium:networkConnectionEnabled: true, appium:noReset: true, appium:pixelRatio: 2.8125, appium:platformVersion: 13, appium:statBarHeight: 70, appium:takesScreenshot: true, appium:udid: RZCT902Y9JR, appium:viewportRect: {height: 2133, left: 0, top: 70, width: 1080}, appium:warnings: {}, appium:webStorageEnabled: false, platformName: ANDROID}
Session ID: 76ebe9c1-851f-4bac-802f-365877f4edff
at org.openqa.selenium.remote.codec.w3c.W3CHttpResponseCodec.createException(W3CHttpResponseCodec.java:200)
at org.openqa.selenium.remote.codec.w3c.W3CHttpResponseCodec.decode(W3CHttpResponseCodec.java:133)
at org.openqa.selenium.remote.codec.w3c.W3CHttpResponseCodec.decode(W3CHttpResponseCodec.java:53)
at org.openqa.selenium.remote.HttpCommandExecutor.execute(HttpCommandExecutor.java:184)
at io.appium.java_client.remote.AppiumCommandExecutor.execute(AppiumCommandExecutor.java:262)
at org.openqa.selenium.remote.RemoteWebDriver.execute(RemoteWebDriver.java:543)
at org.openqa.selenium.remote.ElementLocation$ElementFinder$2.findElement(ElementLocation.java:162)
at org.openqa.selenium.remote.ElementLocation.findElement(ElementLocation.java:60)
at org.openqa.selenium.remote.RemoteWebDriver.findElement(RemoteWebDriver.java:352)
at org.openqa.selenium.remote.RemoteWebDriver.findElement(RemoteWebDriver.java:344)
at org.openqa.selenium.support.pagefactory.DefaultElementLocator.findElement(DefaultElementLocator.java:70)
at org.openqa.selenium.support.pagefactory.internal.LocatingElementHandler.invoke(LocatingElementHandler.java:39)
at com.sun.proxy.$Proxy16.isDisplayed(Unknown Source)
at pages.SecurityPIN.confirmPIN(SecurityPIN.java:48)
at pages.SetNewPin.setNewPin(SetNewPin.java:32)
at Tests.Smoke.resetPin(Smoke.java:164)
at java.base/java.util.ArrayList.forEach(ArrayList.java:1541)
... Removed 31 stack frames]]>
    </failure>
  </testcase> <!-- resetPin -->
  <testcase classname="Tests.Smoke" name="signUp" time="113.26"/>
</testsuite> <!-- Basic Flows -->
