<?xml version="1.0" encoding="UTF-8"?>
<!-- Generated by org.testng.reporters.JUnitXMLReporter -->
<testsuite ignored="4" hostname="LPT1289-B1" failures="0" tests="1" name="Default test" time="74.851" errors="0" timestamp="2023-03-02T14:09:57 IST">
  <testcase classname="Tests.Smoke" name="loginLogout" time="62.38"/>
  <testcase classname="Tests.Smoke" name="addFunds" time="0.0">
    <ignored/>
  </testcase> <!-- addFunds -->
  <testcase classname="Tests.Smoke" name="resetPin" time="0.0">
    <ignored/>
  </testcase> <!-- resetPin -->
  <testcase classname="Tests.Smoke" name="deposit" time="0.0">
    <ignored/>
  </testcase> <!-- deposit -->
  <testcase classname="Tests.Smoke" name="signUp" time="0.0">
    <ignored/>
  </testcase> <!-- signUp -->
</testsuite> <!-- Default test -->
