<?xml version="1.0" encoding="UTF-8"?>
<!-- Generated by org.testng.reporters.JUnitXMLReporter -->
<testsuite ignored="4" hostname="LPT1289-B1" failures="0" tests="1" name="Default test" time="63.746" errors="0" timestamp="2023-02-19T03:44:04 IST">
  <testcase classname="Tests.Smoke" name="resetPin" time="53.608"/>
  <testcase classname="Tests.Smoke" name="signUp" time="0.0">
    <ignored/>
  </testcase> <!-- signUp -->
  <testcase classname="Tests.Smoke" name="deposit" time="0.0">
    <ignored/>
  </testcase> <!-- deposit -->
  <testcase classname="Tests.Smoke" name="loginLogout" time="0.0">
    <ignored/>
  </testcase> <!-- loginLogout -->
  <testcase classname="Tests.Smoke" name="addFunds" time="0.0">
    <ignored/>
  </testcase> <!-- addFunds -->
</testsuite> <!-- Default test -->
