<?xml version="1.0" encoding="UTF-8"?>
<!-- Generated by org.testng.reporters.JUnitXMLReporter -->
<testsuite ignored="0" hostname="LPT1289-B1" failures="0" tests="4" name="Test" time="241.688" errors="0" timestamp="2023-02-04T17:34:06 IST">
  <testcase classname="Tests.Smoke" name="addfunds" time="43.104"/>
  <testcase classname="Tests.Smoke" name="deposit" time="45.238"/>
  <testcase classname="Tests.Smoke" name="loginLogout" time="32.428"/>
  <testcase classname="Tests.Smoke" name="signUp" time="110.381"/>
</testsuite> <!-- Test -->
